FootballLeague/app/build/intermediates/manifest_merge_blame_file/debug/manifest-merger-blame-debug-report.txt
1<?xml version="1.0" encoding="utf-8"?>
2<manifest xmlns:android="http://schemas.android.com/apk/res/android"
3    package="id.shobrun.footballleague"
4    android:versionCode="1"
5    android:versionName="1.0" >
6
7    <uses-sdk
8        android:minSdkVersion="21"
8-->src/main/AndroidManifest.xml
9        android:targetSdkVersion="29" />
9-->src/main/AndroidManifest.xml
10
11    <application
11-->src/main/AndroidManifest.xml:5:5-27:19
12        android:name="id.shobrun.footballleague.BaseApplication"
12-->src/main/AndroidManifest.xml:6:9-40
13        android:allowBackup="true"
13-->src/main/AndroidManifest.xml:7:9-35
14        android:appComponentFactory="androidx.core.app.CoreComponentFactory"
14-->[androidx.core:core:1.2.0-beta01] AndroidManifest.xml:24:18-86
15        android:debuggable="true"
16        android:icon="@mipmap/ic_launcher"
16-->src/main/AndroidManifest.xml:8:9-43
17        android:label="@string/app_name"
17-->src/main/AndroidManifest.xml:9:9-41
18        android:roundIcon="@mipmap/ic_launcher_round"
18-->src/main/AndroidManifest.xml:10:9-54
19        android:supportsRtl="true"
19-->src/main/AndroidManifest.xml:11:9-35
20        android:testOnly="true"
21        android:theme="@style/AppTheme" >
21-->src/main/AndroidManifest.xml:12:9-40
22        <activity
22-->src/main/AndroidManifest.xml:13:9-16:68
23            android:name="id.shobrun.footballleague.ui.leagues.detail.DetailLeagueActivity"
23-->src/main/AndroidManifest.xml:14:13-67
24            android:label="@string/title_activity_detail_league"
24-->src/main/AndroidManifest.xml:15:13-65
25            android:theme="@style/AppTheme.NoActionBar" />
25-->src/main/AndroidManifest.xml:16:13-56
26        <activity android:name="id.shobrun.footballleague.MainActivity" />
26-->src/main/AndroidManifest.xml:17:9-59
26-->src/main/AndroidManifest.xml:17:19-47
27        <activity android:name="id.shobrun.footballleague.ui.auth.AuthActivity" />
27-->src/main/AndroidManifest.xml:18:9-58
27-->src/main/AndroidManifest.xml:18:19-55
28        <activity android:name="id.shobrun.footballleague.views.LeagueActivity" >
28-->src/main/AndroidManifest.xml:19:9-25:20
28-->src/main/AndroidManifest.xml:19:19-55
29            <intent-filter>
29-->src/main/AndroidManifest.xml:20:13-24:29
30                <action android:name="android.intent.action.MAIN" />
30-->src/main/AndroidManifest.xml:21:17-69
30-->src/main/AndroidManifest.xml:21:25-66
31
32                <category android:name="android.intent.category.LAUNCHER" />
32-->src/main/AndroidManifest.xml:23:17-77
32-->src/main/AndroidManifest.xml:23:27-74
33            </intent-filter>
34        </activity>
35        <activity android:name="id.shobrun.footballleague.views.leagues.DetailLeaguesActivity" />
35-->src/main/AndroidManifest.xml:26:9-73
35-->src/main/AndroidManifest.xml:26:19-70
36
37        <provider
37-->[androidx.lifecycle:lifecycle-process:2.1.0] AndroidManifest.xml:23:9-27:43
38            android:name="androidx.lifecycle.ProcessLifecycleOwnerInitializer"
38-->[androidx.lifecycle:lifecycle-process:2.1.0] AndroidManifest.xml:24:13-79
39            android:authorities="id.shobrun.footballleague.lifecycle-process"
39-->[androidx.lifecycle:lifecycle-process:2.1.0] AndroidManifest.xml:25:13-69
40            android:exported="false"
40-->[androidx.lifecycle:lifecycle-process:2.1.0] AndroidManifest.xml:26:13-37
41            android:multiprocess="true" />
41-->[androidx.lifecycle:lifecycle-process:2.1.0] AndroidManifest.xml:27:13-40
42    </application>
43
44</manifest>